<?xml version="1.0" encoding="UTF-8"?>
<testsuite name="com.enfos.test.rabbitTopic.RabbitTopicApplicationTests" tests="1" skipped="0" failures="0" errors="0" timestamp="2021-08-31T01:09:16" hostname="marks-MacBook-Pro.local" time="0.123">
  <properties/>
  <testcase name="contextLoads()" classname="com.enfos.test.rabbitTopic.RabbitTopicApplicationTests" time="0.123"/>
  <system-out><![CDATA[21:08:55.541 [Test worker] DEBUG org.springframework.test.context.BootstrapUtils - Instantiating CacheAwareContextLoaderDelegate from class [org.springframework.test.context.cache.DefaultCacheAwareContextLoaderDelegate]
21:08:55.550 [Test worker] DEBUG org.springframework.test.context.BootstrapUtils - Instantiating BootstrapContext using constructor [public org.springframework.test.context.support.DefaultBootstrapContext(java.lang.Class,org.springframework.test.context.CacheAwareContextLoaderDelegate)]
21:08:55.578 [Test worker] DEBUG org.springframework.test.context.BootstrapUtils - Instantiating TestContextBootstrapper for test class [com.enfos.test.rabbitTopic.RabbitTopicApplicationTests] from class [org.springframework.boot.test.context.SpringBootTestContextBootstrapper]
21:08:55.587 [Test worker] INFO org.springframework.boot.test.context.SpringBootTestContextBootstrapper - Neither @ContextConfiguration nor @ContextHierarchy found for test class [com.enfos.test.rabbitTopic.RabbitTopicApplicationTests], using SpringBootContextLoader
21:08:55.590 [Test worker] DEBUG org.springframework.test.context.support.AbstractContextLoader - Did not detect default resource location for test class [com.enfos.test.rabbitTopic.RabbitTopicApplicationTests]: class path resource [com/enfos/test/rabbitTopic/RabbitTopicApplicationTests-context.xml] does not exist
21:08:55.590 [Test worker] DEBUG org.springframework.test.context.support.AbstractContextLoader - Did not detect default resource location for test class [com.enfos.test.rabbitTopic.RabbitTopicApplicationTests]: class path resource [com/enfos/test/rabbitTopic/RabbitTopicApplicationTestsContext.groovy] does not exist
21:08:55.591 [Test worker] INFO org.springframework.test.context.support.AbstractContextLoader - Could not detect default resource locations for test class [com.enfos.test.rabbitTopic.RabbitTopicApplicationTests]: no resource found for suffixes {-context.xml, Context.groovy}.
21:08:55.591 [Test worker] INFO org.springframework.test.context.support.AnnotationConfigContextLoaderUtils - Could not detect default configuration classes for test class [com.enfos.test.rabbitTopic.RabbitTopicApplicationTests]: RabbitTopicApplicationTests does not declare any static, non-private, non-final, nested classes annotated with @Configuration.
21:08:55.629 [Test worker] DEBUG org.springframework.test.context.support.ActiveProfilesUtils - Could not find an 'annotation declaring class' for annotation type [org.springframework.test.context.ActiveProfiles] and class [com.enfos.test.rabbitTopic.RabbitTopicApplicationTests]
21:08:55.682 [Test worker] DEBUG org.springframework.context.annotation.ClassPathScanningCandidateComponentProvider - Identified candidate component class: file [/Users/markyour/Dev/Test/RabbitSpringTopic/rabbitTopic/build/classes/java/main/com/enfos/test/rabbitTopic/RabbitTopicApplication.class]
21:08:55.684 [Test worker] INFO org.springframework.boot.test.context.SpringBootTestContextBootstrapper - Found @SpringBootConfiguration com.enfos.test.rabbitTopic.RabbitTopicApplication for test class com.enfos.test.rabbitTopic.RabbitTopicApplicationTests
21:08:55.754 [Test worker] DEBUG org.springframework.boot.test.context.SpringBootTestContextBootstrapper - @TestExecutionListeners is not present for class [com.enfos.test.rabbitTopic.RabbitTopicApplicationTests]: using defaults.
21:08:55.755 [Test worker] INFO org.springframework.boot.test.context.SpringBootTestContextBootstrapper - Loaded default TestExecutionListener class names from location [META-INF/spring.factories]: [org.springframework.boot.test.autoconfigure.restdocs.RestDocsTestExecutionListener, org.springframework.boot.test.autoconfigure.web.client.MockRestServiceServerResetTestExecutionListener, org.springframework.boot.test.autoconfigure.web.servlet.MockMvcPrintOnlyOnFailureTestExecutionListener, org.springframework.boot.test.autoconfigure.web.servlet.WebDriverTestExecutionListener, org.springframework.boot.test.autoconfigure.webservices.client.MockWebServiceServerTestExecutionListener, org.springframework.boot.test.mock.mockito.MockitoTestExecutionListener, org.springframework.boot.test.mock.mockito.ResetMocksTestExecutionListener, org.springframework.test.context.web.ServletTestExecutionListener, org.springframework.test.context.support.DirtiesContextBeforeModesTestExecutionListener, org.springframework.test.context.event.ApplicationEventsTestExecutionListener, org.springframework.test.context.support.DependencyInjectionTestExecutionListener, org.springframework.test.context.support.DirtiesContextTestExecutionListener, org.springframework.test.context.transaction.TransactionalTestExecutionListener, org.springframework.test.context.jdbc.SqlScriptsTestExecutionListener, org.springframework.test.context.event.EventPublishingTestExecutionListener]
21:08:55.764 [Test worker] DEBUG org.springframework.boot.test.context.SpringBootTestContextBootstrapper - Skipping candidate TestExecutionListener [org.springframework.test.context.web.ServletTestExecutionListener] due to a missing dependency. Specify custom listener classes or make the default listener classes and their required dependencies available. Offending class: [javax/servlet/ServletContext]
21:08:55.769 [Test worker] INFO org.springframework.boot.test.context.SpringBootTestContextBootstrapper - Using TestExecutionListeners: [org.springframework.test.context.support.DirtiesContextBeforeModesTestExecutionListener@1a7fd41, org.springframework.test.context.event.ApplicationEventsTestExecutionListener@20a5f9b, org.springframework.boot.test.mock.mockito.MockitoTestExecutionListener@43820d47, org.springframework.boot.test.autoconfigure.SpringBootDependencyInjectionTestExecutionListener@1cb86dc5, org.springframework.test.context.support.DirtiesContextTestExecutionListener@224bd6e6, org.springframework.test.context.transaction.TransactionalTestExecutionListener@72edb3b3, org.springframework.test.context.jdbc.SqlScriptsTestExecutionListener@2156709c, org.springframework.test.context.event.EventPublishingTestExecutionListener@7e5ff736, org.springframework.boot.test.autoconfigure.restdocs.RestDocsTestExecutionListener@25fe2fd, org.springframework.boot.test.autoconfigure.web.client.MockRestServiceServerResetTestExecutionListener@1db0a92e, org.springframework.boot.test.autoconfigure.web.servlet.MockMvcPrintOnlyOnFailureTestExecutionListener@f70e894, org.springframework.boot.test.autoconfigure.web.servlet.WebDriverTestExecutionListener@e17480b, org.springframework.boot.test.autoconfigure.webservices.client.MockWebServiceServerTestExecutionListener@73221b3e, org.springframework.boot.test.mock.mockito.ResetMocksTestExecutionListener@6b4325ad]
21:08:55.772 [Test worker] DEBUG org.springframework.test.context.support.AbstractDirtiesContextTestExecutionListener - Before test class: context [DefaultTestContext@39756e79 testClass = RabbitTopicApplicationTests, testInstance = [null], testMethod = [null], testException = [null], mergedContextConfiguration = [MergedContextConfiguration@1f797437 testClass = RabbitTopicApplicationTests, locations = '{}', classes = '{class com.enfos.test.rabbitTopic.RabbitTopicApplication}', contextInitializerClasses = '[]', activeProfiles = '{}', propertySourceLocations = '{}', propertySourceProperties = '{org.springframework.boot.test.context.SpringBootTestContextBootstrapper=true}', contextCustomizers = set[org.springframework.boot.test.autoconfigure.actuate.metrics.MetricsExportContextCustomizerFactory$DisableMetricExportContextCustomizer@319f91f9, org.springframework.boot.test.autoconfigure.properties.PropertyMappingContextCustomizer@0, org.springframework.boot.test.autoconfigure.web.servlet.WebDriverContextCustomizerFactory$Customizer@3d135329, org.springframework.boot.test.context.filter.ExcludeFilterContextCustomizer@6316764, org.springframework.boot.test.json.DuplicateJsonObjectContextCustomizerFactory$DuplicateJsonObjectContextCustomizer@22119670, org.springframework.boot.test.mock.mockito.MockitoContextCustomizer@0, org.springframework.boot.test.web.client.TestRestTemplateContextCustomizer@3f57d31a, org.springframework.boot.test.context.SpringBootTestArgs@1, org.springframework.boot.test.context.SpringBootTestWebEnvironment@78c03c79], contextLoader = 'org.springframework.boot.test.context.SpringBootContextLoader', parent = [null]], attributes = map[[empty]]], class annotated with @DirtiesContext [false] with mode [null].
21:08:55.782 [Test worker] DEBUG org.springframework.test.context.support.DependencyInjectionTestExecutionListener - Performing dependency injection for test context [[DefaultTestContext@39756e79 testClass = RabbitTopicApplicationTests, testInstance = com.enfos.test.rabbitTopic.RabbitTopicApplicationTests@8ed5030, testMethod = [null], testException = [null], mergedContextConfiguration = [MergedContextConfiguration@1f797437 testClass = RabbitTopicApplicationTests, locations = '{}', classes = '{class com.enfos.test.rabbitTopic.RabbitTopicApplication}', contextInitializerClasses = '[]', activeProfiles = '{}', propertySourceLocations = '{}', propertySourceProperties = '{org.springframework.boot.test.context.SpringBootTestContextBootstrapper=true}', contextCustomizers = set[org.springframework.boot.test.autoconfigure.actuate.metrics.MetricsExportContextCustomizerFactory$DisableMetricExportContextCustomizer@319f91f9, org.springframework.boot.test.autoconfigure.properties.PropertyMappingContextCustomizer@0, org.springframework.boot.test.autoconfigure.web.servlet.WebDriverContextCustomizerFactory$Customizer@3d135329, org.springframework.boot.test.context.filter.ExcludeFilterContextCustomizer@6316764, org.springframework.boot.test.json.DuplicateJsonObjectContextCustomizerFactory$DuplicateJsonObjectContextCustomizer@22119670, org.springframework.boot.test.mock.mockito.MockitoContextCustomizer@0, org.springframework.boot.test.web.client.TestRestTemplateContextCustomizer@3f57d31a, org.springframework.boot.test.context.SpringBootTestArgs@1, org.springframework.boot.test.context.SpringBootTestWebEnvironment@78c03c79], contextLoader = 'org.springframework.boot.test.context.SpringBootContextLoader', parent = [null]], attributes = map['org.springframework.test.context.event.ApplicationEventsTestExecutionListener.recordApplicationEvents' -> false]]].
21:08:55.801 [Test worker] DEBUG org.springframework.test.context.support.TestPropertySourceUtils - Adding inlined properties to environment: {spring.jmx.enabled=false, org.springframework.boot.test.context.SpringBootTestContextBootstrapper=true}

  .   ____          _            __ _ _
 /\\ / ___'_ __ _ _(_)_ __  __ _ \ \ \ \
( ( )\___ | '_ | '_| | '_ \/ _` | \ \ \ \
 \\/  ___)| |_)| | | | | || (_| |  ) ) ) )
  '  |____| .__|_| |_|_| |_\__, | / / / /
 =========|_|==============|___/=/_/_/_/
 :: Spring Boot ::       (v2.5.5-SNAPSHOT)

2021-08-30 21:09:11.057  WARN 59002 --- [    Test worker] o.s.boot.StartupInfoLogger               : InetAddress.getLocalHost().getHostName() took 5006 milliseconds to respond. Please verify your network configuration (macOS machines may need to add entries to /etc/hosts).
2021-08-30 21:09:16.064  INFO 59002 --- [    Test worker] c.e.t.r.RabbitTopicApplicationTests      : Starting RabbitTopicApplicationTests using Java 1.8.0_302 on marks-MacBook-Pro.local with PID 59002 (started by markyour in /Users/markyour/Dev/Test/RabbitSpringTopic/rabbitTopic)
2021-08-30 21:09:16.066  INFO 59002 --- [    Test worker] c.e.t.r.RabbitTopicApplicationTests      : No active profile set, falling back to default profiles: default
2021-08-30 21:09:16.872  INFO 59002 --- [    Test worker] c.e.t.r.RabbitTopicApplicationTests      : Started RabbitTopicApplicationTests in 21.069 seconds (JVM running for 21.873)
]]></system-out>
  <system-err><![CDATA[]]></system-err>
</testsuite>
